# JRE version: OpenJDK Runtime Environment Temurin-17.0.9+9 (17.0.9+9) (build 17.0.9+9)
# Java VM: OpenJDK 64-Bit Server VM Temurin-17.0.9+9 (17.0.9+9, mixed mode, tiered, compressed oops, compressed class ptrs, parallel gc, windows-amd64)
GC Precious Log:
 CPUs: 8 total, 8 available
 Memory: 16107M
 Large Page Support: Disabled
 NUMA Support: Disabled
 Compressed Oops: Enabled (32-bit)
 Alignments: Space 512K, Generation 512K, Heap 2M
 Heap Min Capacity: 100M
 Heap Initial Capacity: 100M
 Heap Max Capacity: 1G
 Pre-touch: Disabled
 Parallel Workers: 8
Heap:
 PSYoungGen      total 5120K, used 3816K [0x00000000eab00000, 0x00000000eb100000, 0x0000000100000000)
  eden space 4096K, 77% used [0x00000000eab00000,0x00000000eae16398,0x00000000eaf00000)
  from space 1024K, 64% used [0x00000000eaf00000,0x00000000eafa4010,0x00000000eb000000)
  to   space 1024K, 0% used [0x00000000eb000000,0x00000000eb000000,0x00000000eb100000)
 ParOldGen       total 103936K, used 80078K [0x00000000c0000000, 0x00000000c6580000, 0x00000000eab00000)
  object space 103936K, 77% used [0x00000000c0000000,0x00000000c4e33b00,0x00000000c6580000)
 Metaspace       used 74982K, committed 76032K, reserved 1179648K
  class space    used 7845K, committed 8320K, reserved 1048576K
GC Heap History (20 events):
Event: 191.970 GC heap before
{Heap before GC invocations=137 (full 5):
 PSYoungGen      total 4608K, used 4594K [0x00000000eab00000, 0x00000000eb100000, 0x0000000100000000)
  eden space 4096K, 99% used [0x00000000eab00000,0x00000000eaefffd8,0x00000000eaf00000)
  from space 512K, 97% used [0x00000000eaf80000,0x00000000eaffc8c0,0x00000000eb000000)
  to   space 1024K, 0% used [0x00000000eb000000,0x00000000eb000000,0x00000000eb100000)
 ParOldGen       total 103936K, used 79442K [0x00000000c0000000, 0x00000000c6580000, 0x00000000eab00000)
  object space 103936K, 76% used [0x00000000c0000000,0x00000000c4d94838,0x00000000c6580000)
 Metaspace       used 74643K, committed 75776K, reserved 1179648K
  class space    used 7834K, committed 8320K, reserved 1048576K
}
Event: 191.972 GC heap after
{Heap after GC invocations=137 (full 5):
 PSYoungGen      total 4608K, used 224K [0x00000000eab00000, 0x00000000eb080000, 0x0000000100000000)
  eden space 4096K, 0% used [0x00000000eab00000,0x00000000eab00000,0x00000000eaf00000)
  from space 512K, 43% used [0x00000000eb000000,0x00000000eb038000,0x00000000eb080000)
  to   space 512K, 0% used [0x00000000eaf80000,0x00000000eaf80000,0x00000000eb000000)
 ParOldGen       total 103936K, used 79886K [0x00000000c0000000, 0x00000000c6580000, 0x00000000eab00000)
  object space 103936K, 76% used [0x00000000c0000000,0x00000000c4e03b00,0x00000000c6580000)
 Metaspace       used 74643K, committed 75776K, reserved 1179648K
  class space    used 7834K, committed 8320K, reserved 1048576K
}
Event: 194.346 GC heap before
{Heap before GC invocations=138 (full 5):
 PSYoungGen      total 4608K, used 4320K [0x00000000eab00000, 0x00000000eb080000, 0x0000000100000000)
  eden space 4096K, 100% used [0x00000000eab00000,0x00000000eaf00000,0x00000000eaf00000)
  from space 512K, 43% used [0x00000000eb000000,0x00000000eb038000,0x00000000eb080000)
  to   space 512K, 0% used [0x00000000eaf80000,0x00000000eaf80000,0x00000000eb000000)
 ParOldGen       total 103936K, used 79886K [0x00000000c0000000, 0x00000000c6580000, 0x00000000eab00000)
  object space 103936K, 76% used [0x00000000c0000000,0x00000000c4e03b00,0x00000000c6580000)
 Metaspace       used 74659K, committed 75776K, reserved 1179648K
  class space    used 7835K, committed 8320K, reserved 1048576K
}
Event: 194.347 GC heap after
{Heap after GC invocations=138 (full 5):
 PSYoungGen      total 4608K, used 320K [0x00000000eab00000, 0x00000000eb080000, 0x0000000100000000)
  eden space 4096K, 0% used [0x00000000eab00000,0x00000000eab00000,0x00000000eaf00000)
  from space 512K, 62% used [0x00000000eaf80000,0x00000000eafd0000,0x00000000eb000000)
  to   space 512K, 0% used [0x00000000eb000000,0x00000000eb000000,0x00000000eb080000)
 ParOldGen       total 103936K, used 79886K [0x00000000c0000000, 0x00000000c6580000, 0x00000000eab00000)
  object space 103936K, 76% used [0x00000000c0000000,0x00000000c4e03b00,0x00000000c6580000)
 Metaspace       used 74659K, committed 75776K, reserved 1179648K
  class space    used 7835K, committed 8320K, reserved 1048576K
}
Event: 194.643 GC heap before
{Heap before GC invocations=139 (full 5):
 PSYoungGen      total 4608K, used 4405K [0x00000000eab00000, 0x00000000eb080000, 0x0000000100000000)
  eden space 4096K, 99% used [0x00000000eab00000,0x00000000eaefd590,0x00000000eaf00000)
  from space 512K, 62% used [0x00000000eaf80000,0x00000000eafd0000,0x00000000eb000000)
  to   space 512K, 0% used [0x00000000eb000000,0x00000000eb000000,0x00000000eb080000)
 ParOldGen       total 103936K, used 79886K [0x00000000c0000000, 0x00000000c6580000, 0x00000000eab00000)
  object space 103936K, 76% used [0x00000000c0000000,0x00000000c4e03b00,0x00000000c6580000)
 Metaspace       used 74695K, committed 75776K, reserved 1179648K
  class space    used 7835K, committed 8320K, reserved 1048576K
}
Event: 194.643 GC heap after
{Heap after GC invocations=139 (full 5):
 PSYoungGen      total 4608K, used 288K [0x00000000eab00000, 0x00000000eb080000, 0x0000000100000000)
  eden space 4096K, 0% used [0x00000000eab00000,0x00000000eab00000,0x00000000eaf00000)
  from space 512K, 56% used [0x00000000eb000000,0x00000000eb048000,0x00000000eb080000)
  to   space 512K, 0% used [0x00000000eaf80000,0x00000000eaf80000,0x00000000eb000000)
 ParOldGen       total 103936K, used 79886K [0x00000000c0000000, 0x00000000c6580000, 0x00000000eab00000)
  object space 103936K, 76% used [0x00000000c0000000,0x00000000c4e03b00,0x00000000c6580000)
 Metaspace       used 74695K, committed 75776K, reserved 1179648K
  class space    used 7835K, committed 8320K, reserved 1048576K
}
Event: 196.597 GC heap before
{Heap before GC invocations=140 (full 5):
 PSYoungGen      total 4608K, used 4384K [0x00000000eab00000, 0x00000000eb080000, 0x0000000100000000)
  eden space 4096K, 100% used [0x00000000eab00000,0x00000000eaf00000,0x00000000eaf00000)
  from space 512K, 56% used [0x00000000eb000000,0x00000000eb048000,0x00000000eb080000)
  to   space 512K, 0% used [0x00000000eaf80000,0x00000000eaf80000,0x00000000eb000000)
 ParOldGen       total 103936K, used 79886K [0x00000000c0000000, 0x00000000c6580000, 0x00000000eab00000)
  object space 103936K, 76% used [0x00000000c0000000,0x00000000c4e03b00,0x00000000c6580000)
 Metaspace       used 74698K, committed 75776K, reserved 1179648K
  class space    used 7835K, committed 8320K, reserved 1048576K
}
Event: 196.599 GC heap after
{Heap after GC invocations=140 (full 5):
 PSYoungGen      total 4608K, used 352K [0x00000000eab00000, 0x00000000eb080000, 0x0000000100000000)
  eden space 4096K, 0% used [0x00000000eab00000,0x00000000eab00000,0x00000000eaf00000)
  from space 512K, 68% used [0x00000000eaf80000,0x00000000eafd8000,0x00000000eb000000)
  to   space 512K, 0% used [0x00000000eb000000,0x00000000eb000000,0x00000000eb080000)
 ParOldGen       total 103936K, used 79894K [0x00000000c0000000, 0x00000000c6580000, 0x00000000eab00000)
  object space 103936K, 76% used [0x00000000c0000000,0x00000000c4e05b00,0x00000000c6580000)
 Metaspace       used 74698K, committed 75776K, reserved 1179648K
  class space    used 7835K, committed 8320K, reserved 1048576K
}
Event: 198.692 GC heap before
{Heap before GC invocations=141 (full 5):
 PSYoungGen      total 4608K, used 4448K [0x00000000eab00000, 0x00000000eb080000, 0x0000000100000000)
  eden space 4096K, 100% used [0x00000000eab00000,0x00000000eaf00000,0x00000000eaf00000)
  from space 512K, 68% used [0x00000000eaf80000,0x00000000eafd8000,0x00000000eb000000)
  to   space 512K, 0% used [0x00000000eb000000,0x00000000eb000000,0x00000000eb080000)
 ParOldGen       total 103936K, used 79894K [0x00000000c0000000, 0x00000000c6580000, 0x00000000eab00000)
  object space 103936K, 76% used [0x00000000c0000000,0x00000000c4e05b00,0x00000000c6580000)
 Metaspace       used 74721K, committed 75840K, reserved 1179648K
  class space    used 7835K, committed 8320K, reserved 1048576K
}
Event: 198.696 GC heap after
{Heap after GC invocations=141 (full 5):
 PSYoungGen      total 4608K, used 512K [0x00000000eab00000, 0x00000000eb100000, 0x0000000100000000)
  eden space 4096K, 0% used [0x00000000eab00000,0x00000000eab00000,0x00000000eaf00000)
  from space 512K, 100% used [0x00000000eb000000,0x00000000eb080000,0x00000000eb080000)
  to   space 1024K, 0% used [0x00000000eaf00000,0x00000000eaf00000,0x00000000eb000000)
 ParOldGen       total 103936K, used 79974K [0x00000000c0000000, 0x00000000c6580000, 0x00000000eab00000)
  object space 103936K, 76% used [0x00000000c0000000,0x00000000c4e19b00,0x00000000c6580000)
 Metaspace       used 74721K, committed 75840K, reserved 1179648K
  class space    used 7835K, committed 8320K, reserved 1048576K
}
Event: 200.040 GC heap before
{Heap before GC invocations=142 (full 5):
 PSYoungGen      total 4608K, used 4608K [0x00000000eab00000, 0x00000000eb100000, 0x0000000100000000)
  eden space 4096K, 100% used [0x00000000eab00000,0x00000000eaf00000,0x00000000eaf00000)
  from space 512K, 100% used [0x00000000eb000000,0x00000000eb080000,0x00000000eb080000)
  to   space 1024K, 0% used [0x00000000eaf00000,0x00000000eaf00000,0x00000000eb000000)
 ParOldGen       total 103936K, used 79974K [0x00000000c0000000, 0x00000000c6580000, 0x00000000eab00000)
  object space 103936K, 76% used [0x00000000c0000000,0x00000000c4e19b00,0x00000000c6580000)
 Metaspace       used 74738K, committed 75840K, reserved 1179648K
  class space    used 7836K, committed 8320K, reserved 1048576K
}
Event: 200.041 GC heap after
{Heap after GC invocations=142 (full 5):
 PSYoungGen      total 5120K, used 704K [0x00000000eab00000, 0x00000000eb100000, 0x0000000100000000)
  eden space 4096K, 0% used [0x00000000eab00000,0x00000000eab00000,0x00000000eaf00000)
  from space 1024K, 68% used [0x00000000eaf00000,0x00000000eafb0000,0x00000000eb000000)
  to   space 1024K, 0% used [0x00000000eb000000,0x00000000eb000000,0x00000000eb100000)
 ParOldGen       total 103936K, used 80046K [0x00000000c0000000, 0x00000000c6580000, 0x00000000eab00000)
  object space 103936K, 77% used [0x00000000c0000000,0x00000000c4e2bb00,0x00000000c6580000)
 Metaspace       used 74738K, committed 75840K, reserved 1179648K
  class space    used 7836K, committed 8320K, reserved 1048576K
}
Event: 201.616 GC heap before
{Heap before GC invocations=143 (full 5):
 PSYoungGen      total 5120K, used 4800K [0x00000000eab00000, 0x00000000eb100000, 0x0000000100000000)
  eden space 4096K, 100% used [0x00000000eab00000,0x00000000eaf00000,0x00000000eaf00000)
  from space 1024K, 68% used [0x00000000eaf00000,0x00000000eafb0000,0x00000000eb000000)
  to   space 1024K, 0% used [0x00000000eb000000,0x00000000eb000000,0x00000000eb100000)
 ParOldGen       total 103936K, used 80046K [0x00000000c0000000, 0x00000000c6580000, 0x00000000eab00000)
  object space 103936K, 77% used [0x00000000c0000000,0x00000000c4e2bb00,0x00000000c6580000)
 Metaspace       used 74757K, committed 75840K, reserved 1179648K
  class space    used 7836K, committed 8320K, reserved 1048576K
}
Event: 201.617 GC heap after
{Heap after GC invocations=143 (full 5):
 PSYoungGen      total 5120K, used 624K [0x00000000eab00000, 0x00000000eb100000, 0x0000000100000000)
  eden space 4096K, 0% used [0x00000000eab00000,0x00000000eab00000,0x00000000eaf00000)
  from space 1024K, 60% used [0x00000000eb000000,0x00000000eb09c010,0x00000000eb100000)
  to   space 1024K, 0% used [0x00000000eaf00000,0x00000000eaf00000,0x00000000eb000000)
 ParOldGen       total 103936K, used 80046K [0x00000000c0000000, 0x00000000c6580000, 0x00000000eab00000)
  object space 103936K, 77% used [0x00000000c0000000,0x00000000c4e2bb00,0x00000000c6580000)
 Metaspace       used 74757K, committed 75840K, reserved 1179648K
  class space    used 7836K, committed 8320K, reserved 1048576K
}
Event: 203.059 GC heap before
{Heap before GC invocations=144 (full 5):
 PSYoungGen      total 5120K, used 4720K [0x00000000eab00000, 0x00000000eb100000, 0x0000000100000000)
  eden space 4096K, 99% used [0x00000000eab00000,0x00000000eaeffff8,0x00000000eaf00000)
  from space 1024K, 60% used [0x00000000eb000000,0x00000000eb09c010,0x00000000eb100000)
  to   space 1024K, 0% used [0x00000000eaf00000,0x00000000eaf00000,0x00000000eb000000)
 ParOldGen       total 103936K, used 80046K [0x00000000c0000000, 0x00000000c6580000, 0x00000000eab00000)
  object space 103936K, 77% used [0x00000000c0000000,0x00000000c4e2bb00,0x00000000c6580000)
 Metaspace       used 74785K, committed 75840K, reserved 1179648K
  class space    used 7836K, committed 8320K, reserved 1048576K
}
Event: 203.060 GC heap after
{Heap after GC invocations=144 (full 5):
 PSYoungGen      total 5120K, used 256K [0x00000000eab00000, 0x00000000eb080000, 0x0000000100000000)
  eden space 4096K, 0% used [0x00000000eab00000,0x00000000eab00000,0x00000000eaf00000)
  from space 1024K, 25% used [0x00000000eaf00000,0x00000000eaf40000,0x00000000eb000000)
  to   space 512K, 0% used [0x00000000eb000000,0x00000000eb000000,0x00000000eb080000)
 ParOldGen       total 103936K, used 80046K [0x00000000c0000000, 0x00000000c6580000, 0x00000000eab00000)
  object space 103936K, 77% used [0x00000000c0000000,0x00000000c4e2bb00,0x00000000c6580000)
 Metaspace       used 74785K, committed 75840K, reserved 1179648K
  class space    used 7836K, committed 8320K, reserved 1048576K
}
Event: 203.413 GC heap before
{Heap before GC invocations=145 (full 5):
 PSYoungGen      total 5120K, used 4352K [0x00000000eab00000, 0x00000000eb080000, 0x0000000100000000)
  eden space 4096K, 100% used [0x00000000eab00000,0x00000000eaf00000,0x00000000eaf00000)
  from space 1024K, 25% used [0x00000000eaf00000,0x00000000eaf40000,0x00000000eb000000)
  to   space 512K, 0% used [0x00000000eb000000,0x00000000eb000000,0x00000000eb080000)
 ParOldGen       total 103936K, used 80046K [0x00000000c0000000, 0x00000000c6580000, 0x00000000eab00000)
  object space 103936K, 77% used [0x00000000c0000000,0x00000000c4e2bb00,0x00000000c6580000)
 Metaspace       used 74818K, committed 75904K, reserved 1179648K
  class space    used 7836K, committed 8320K, reserved 1048576K
}
Event: 203.416 GC heap after
{Heap after GC invocations=145 (full 5):
 PSYoungGen      total 4608K, used 512K [0x00000000eab00000, 0x00000000eb100000, 0x0000000100000000)
  eden space 4096K, 0% used [0x00000000eab00000,0x00000000eab00000,0x00000000eaf00000)
  from space 512K, 100% used [0x00000000eb000000,0x00000000eb080000,0x00000000eb080000)
  to   space 1024K, 0% used [0x00000000eaf00000,0x00000000eaf00000,0x00000000eb000000)
 ParOldGen       total 103936K, used 80062K [0x00000000c0000000, 0x00000000c6580000, 0x00000000eab00000)
  object space 103936K, 77% used [0x00000000c0000000,0x00000000c4e2fb00,0x00000000c6580000)
 Metaspace       used 74818K, committed 75904K, reserved 1179648K
  class space    used 7836K, committed 8320K, reserved 1048576K
}
Event: 204.967 GC heap before
{Heap before GC invocations=146 (full 5):
 PSYoungGen      total 4608K, used 4607K [0x00000000eab00000, 0x00000000eb100000, 0x0000000100000000)
  eden space 4096K, 99% used [0x00000000eab00000,0x00000000eaeffc20,0x00000000eaf00000)
  from space 512K, 100% used [0x00000000eb000000,0x00000000eb080000,0x00000000eb080000)
  to   space 1024K, 0% used [0x00000000eaf00000,0x00000000eaf00000,0x00000000eb000000)
 ParOldGen       total 103936K, used 80062K [0x00000000c0000000, 0x00000000c6580000, 0x00000000eab00000)
  object space 103936K, 77% used [0x00000000c0000000,0x00000000c4e2fb00,0x00000000c6580000)
 Metaspace       used 74959K, committed 76032K, reserved 1179648K
  class space    used 7845K, committed 8320K, reserved 1048576K
}
Event: 204.970 GC heap after
{Heap after GC invocations=146 (full 5):
 PSYoungGen      total 5120K, used 656K [0x00000000eab00000, 0x00000000eb100000, 0x0000000100000000)
  eden space 4096K, 0% used [0x00000000eab00000,0x00000000eab00000,0x00000000eaf00000)
  from space 1024K, 64% used [0x00000000eaf00000,0x00000000eafa4010,0x00000000eb000000)
  to   space 1024K, 0% used [0x00000000eb000000,0x00000000eb000000,0x00000000eb100000)
 ParOldGen       total 103936K, used 80078K [0x00000000c0000000, 0x00000000c6580000, 0x00000000eab00000)
  object space 103936K, 77% used [0x00000000c0000000,0x00000000c4e33b00,0x00000000c6580000)
 Metaspace       used 74959K, committed 76032K, reserved 1179648K
  class space    used 7845K, committed 8320K, reserved 1048576K
}

